Programm käivitub.
Otsin busse marsruudil Tallinn -> Pärnu kuupäeval 15.Detsember
Ei leidnud ühtegi bussi!
--------------------------------
Otsin busse marsruudil Tallinn -> Tartu kuupäeval 15.Detsember
Leidsin järgnevad bussid: 
SimpleExpress; 09:30; 7.5
SimpleExpress; 10:30; 5.0
SimpleExpress; 15:30; 5.0
SimpleExpress; 18:30; 5.0
SimpleExpress; 18:45; 7.5
SimpleExpress; 23:00; 9.0
SimpleExpress; 06:30; 8.0
SimpleExpress; 07:00; 8.0
SimpleExpress; 07:30; 8.0
SimpleExpress; 08:00; 10.0
SimpleExpress; 09:00; 8.0
SimpleExpress; 10:00; 8.0
SimpleExpress; 11:00; 10.0
SimpleExpress; 12:00; 8.0
SimpleExpress; 12:30; 8.0
SimpleExpress; 13:00; 10.0
SimpleExpress; 14:00; 10.0
SimpleExpress; 15:00; 10.0
SimpleExpress; 16:00; 10.0
SimpleExpress; 16:15; 10.8
SimpleExpress; 17:00; 10.0
SimpleExpress; 17:30; 10.0
SimpleExpress; 18:00; 10.0
SimpleExpress; 18:30; 10.0
SimpleExpress; 19:00; 10.0
SimpleExpress; 20:00; 8.0
SimpleExpress; 21:00; 10.0
LuxExpress; 06:30; 8.0
LuxExpress; 07:00; 8.0
LuxExpress; 07:30; 8.0
LuxExpress; 08:00; 10.0
LuxExpress; 09:00; 8.0
LuxExpress; 10:00; 8.0
LuxExpress; 11:00; 10.0
LuxExpress; 12:00; 8.0
LuxExpress; 12:30; 8.0
LuxExpress; 13:00; 10.0
LuxExpress; 14:00; 10.0
LuxExpress; 15:00; 10.0
LuxExpress; 16:00; 10.0
LuxExpress; 16:15; 10.8
LuxExpress; 17:00; 10.0
LuxExpress; 17:30; 10.0
LuxExpress; 18:00; 10.0
LuxExpress; 18:30; 10.0
LuxExpress; 19:00; 10.0
LuxExpress; 20:00; 8.0
LuxExpress; 21:00; 10.0
--------------------------------
Programm käivitub.
Otsin busse marsruudil Tallinn -> Tartu kp 14.jaanuar
Leidsin järgnevad bussid: 
LuxExpress; 06:30; 8.0
LuxExpress; 07:00; 10.0
LuxExpress; 07:30; 10.0
LuxExpress; 08:00; 10.0
LuxExpress; 09:00; 8.0
LuxExpress; 10:00; 10.0
LuxExpress; 11:00; 10.0
LuxExpress; 12:00; 10.0
LuxExpress; 12:30; 8.0
LuxExpress; 13:00; 10.0
LuxExpress; 14:00; 10.0
LuxExpress; 15:00; 10.0
LuxExpress; 16:00; 10.0
LuxExpress; 16:15; 10.8
LuxExpress; 17:00; 8.0
LuxExpress; 17:30; 8.0
LuxExpress; 18:00; 8.0
LuxExpress; 18:30; 8.0
LuxExpress; 19:00; 8.0
LuxExpress; 20:00; 8.0
LuxExpress; 21:00; 8.0
--------------------------------
Programm käivitub.
Otsin busse marsruudil Tartu -> Tallinn kp 5.detsember
Leidsin järgnevad bussid: 
SimpleExpress; 20:00; 10.0
SimpleExpress; 21:00; 8.0
LuxExpress; 20:00; 10.0
LuxExpress; 21:00; 8.0
--------------------------------
Programm käivitub.
Otsin busse marsruudil Tartu -> Tallinn kp 5.detsember
Leidsin järgnevad bussid: 
LuxExpress; 20:00; 10.0
LuxExpress; 21:00; 8.0
--------------------------------
Otsin busse marsruudil Tartu -> Tallinn kp 6.detsember
Leidsin järgnevad bussid: 
SimpleExpress; 11:30; 5.0
SimpleExpress; 13:15; 8.0
SimpleExpress; 14:30; 5.0
SimpleExpress; 15:45; 6.5
SimpleExpress; 17:15; 8.0
SimpleExpress; 18:30; 5.0
LuxExpress; 06:30; 12.0
LuxExpress; 07:30; 10.0
LuxExpress; 08:00; 12.0
LuxExpress; 08:15; 10.8
LuxExpress; 10:00; 12.0
LuxExpress; 11:00; 10.0
LuxExpress; 12:00; 12.0
LuxExpress; 12:30; 10.0
LuxExpress; 13:00; 10.0
LuxExpress; 14:00; 12.0
LuxExpress; 15:00; 12.0
LuxExpress; 15:30; 8.0
LuxExpress; 16:00; 12.0
LuxExpress; 16:30; 10.0
LuxExpress; 17:00; 12.0
LuxExpress; 18:00; 12.0
LuxExpress; 19:00; 10.0
LuxExpress; 20:00; 10.0
LuxExpress; 21:00; 8.0
--------------------------------
Programm käivitub.
Otsin busse marsruudil Tallinn -> Tallinn kp 13.veebruar
Ei leidnud ühtegi bussi!
--------------------------------
Programm käivitub.
Otsin busse marsruudil Tartu -> Tallinn kp 15.jaanuar
Leidsin järgnevad bussid: 
SimpleExpress; 11:30; 5.0
SimpleExpress; 13:15; 7.5
SimpleExpress; 13:30; 5.0
SimpleExpress; 14:30; 5.0
SimpleExpress; 17:15; 7.5
SimpleExpress; 18:30; 5.0
LuxExpress; 06:30; 8.0
LuxExpress; 07:00; 8.0
LuxExpress; 07:30; 8.0
LuxExpress; 08:00; 8.0
LuxExpress; 08:15; 10.8
LuxExpress; 09:00; 8.0
LuxExpress; 10:00; 8.0
LuxExpress; 11:00; 8.0
LuxExpress; 12:00; 10.0
LuxExpress; 12:30; 10.0
LuxExpress; 13:00; 10.0
LuxExpress; 14:00; 10.0
LuxExpress; 15:00; 10.0
LuxExpress; 15:30; 8.0
LuxExpress; 16:00; 10.0
LuxExpress; 16:30; 8.0
LuxExpress; 17:00; 10.0
LuxExpress; 18:00; 10.0
LuxExpress; 19:00; 10.0
LuxExpress; 20:00; 10.0
LuxExpress; 21:00; 10.0
--------------------------------
Programm käivitub.
!Vigane marsruut!
Programm käivitub.
Programm käivitub.
Programm käivitub.
Programm käivitub.
Programm käivitub.
Programm käivitub.
Programm käivitub.
Programm käivitub.
!Tühi lahter!Programm käivitub. Tänane kuupäev: 05-12-2016 19:15:36
!Tühi lahter!!Tühi lahter!!Tühi lahter!!Tühi lahter!!Tühi lahter!!Tühi lahter!Programm käivitub. Tänane kuupäev: 05-12-2016 19:16:12
!Tühi lahter!Otsin busse marsruudil Tartu -> Tallinn kp 16.detsember
Leidsin järgnevad bussid: 
SimpleExpress; 11:30; 5.0
SimpleExpress; 13:15; 7.5
SimpleExpress; 13:30; 7.0
SimpleExpress; 14:30; 6.0
SimpleExpress; 15:45; 6.5
SimpleExpress; 17:15; 7.5
SimpleExpress; 18:30; 5.0
LuxExpress; 06:30; 8.0
LuxExpress; 07:00; 8.0
LuxExpress; 07:30; 8.0
LuxExpress; 08:00; 10.0
LuxExpress; 08:15; 10.8
LuxExpress; 09:00; 8.0
LuxExpress; 10:00; 10.0
LuxExpress; 11:00; 8.0
LuxExpress; 12:00; 10.0
LuxExpress; 12:30; 10.0
LuxExpress; 13:00; 10.0
LuxExpress; 14:00; 12.0
LuxExpress; 15:00; 10.0
LuxExpress; 15:30; 8.0
LuxExpress; 16:00; 10.0
LuxExpress; 16:30; 8.0
LuxExpress; 17:00; 10.0
LuxExpress; 18:00; 10.0
LuxExpress; 19:00; 8.0
LuxExpress; 20:00; 8.0
LuxExpress; 21:00; 8.0
--------------------------------
!Vigane marsruut!
Programm käivitub. Tänane kuupäev: 05-12-2016 19:22:50
Programm käivitub. Tänane kuupäev: 05-12-2016 19:23:05
Programm käivitub. Tänane kuupäev: 05-12-2016 19:23:27
Programm käivitub. Tänane kuupäev: 05-12-2016 19:25:08
Programm käivitub. Tänane kuupäev: 05-12-2016 19:31:14
Programm käivitub. Tänane kuupäev: 05-12-2016 19:32:50
Programm käivitub. Tänane kuupäev: 05-12-2016 19:33:06
!Tühi lahter!Programm käivitub. Tänane kuupäev: 05-12-2016 19:35:02
Programm käivitub. Tänane kuupäev: 05-12-2016 19:35:38
Programm käivitub. Tänane kuupäev: 05-12-2016 19:36:15
Programm käivitub. Tänane kuupäev: 05-12-2016 19:36:46
Programm käivitub. Tänane kuupäev: 06-12-2016 12:44:13
Programm käivitub. Tänane kuupäev: 06-12-2016 12:47:48
Otsin busse marsruudil Rakvere -> Viljandi kp 25.detsember
Ei leidnud ühtegi bussi!
--------------------------------
Programm käivitub. Tänane kuupäev: 06-12-2016 12:48:38
Programm käivitub. Tänane kuupäev: 06-12-2016 12:49:12
Otsin busse marsruudil Viljandi -> Tallinn kp 4.detsember
Ei leidnud ühtegi bussi!
--------------------------------
Otsin busse marsruudil Viljandi -> Tallinn kp 20.detsember
Leidsin järgnevad bussid: 
SimpleExpress; 07:15; 5.5
SimpleExpress; 12:30; 5.5
SimpleExpress; 16:00; 5.5
--------------------------------
Otsin busse marsruudil Viljandi -> Tartu kp 20.detsember
Leidsin järgnevad bussid: 
SimpleExpress; 09:15; 3.0
SimpleExpress; 11:45; 3.5
SimpleExpress; 13:45; 3.0
SimpleExpress; 18:15; 3.0
SimpleExpress; 20:35; 3.0
--------------------------------
Otsin busse marsruudil Viljandi -> Tartu kp 20.detsember
Leidsin järgnevad bussid: 
SimpleExpress; 09:15; 3.0
SimpleExpress; 11:45; 3.5
SimpleExpress; 13:45; 3.0
SimpleExpress; 18:15; 3.0
SimpleExpress; 20:35; 3.0
--------------------------------
Programm käivitub. Tänane kuupäev: 06-12-2016 12:50:41
Otsin busse marsruudil Tallinn -> Kuressaare kp 19.detsember
Leidsin järgnevad bussid: 
LuxExpress; 07:55; 16.0
LuxExpress; 11:45; 16.0
LuxExpress; 16:30; 9.0
LuxExpress; 17:45; 9.0
--------------------------------
Otsin busse marsruudil Tallinn -> Kuressaare kp 19.detsember
Leidsin järgnevad bussid: 
LuxExpress; 07:55; 16.0
LuxExpress; 11:45; 16.0
LuxExpress; 16:30; 9.0
LuxExpress; 17:45; 9.0
--------------------------------
Otsin busse marsruudil Tartu -> Kuressaare kp 19.detsember
Leidsin järgnevad bussid: 
SimpleExpress; 07:00; 11.0
--------------------------------
Programm käivitub. Tänane kuupäev: 06-12-2016 12:51:39
Otsin busse marsruudil Tallinn -> Tartu kp 15.detsember
Leidsin järgnevad bussid: 
SimpleExpress; 09:30; 7.5
SimpleExpress; 10:30; 5.0
SimpleExpress; 15:30; 5.0
SimpleExpress; 18:30; 5.0
SimpleExpress; 18:45; 7.5
SimpleExpress; 23:00; 9.0
LuxExpress; 06:30; 8.0
LuxExpress; 07:00; 8.0
LuxExpress; 07:30; 8.0
LuxExpress; 08:00; 10.0
LuxExpress; 09:00; 8.0
LuxExpress; 10:00; 8.0
LuxExpress; 11:00; 10.0
LuxExpress; 12:00; 8.0
LuxExpress; 12:30; 8.0
LuxExpress; 13:00; 10.0
LuxExpress; 14:00; 10.0
LuxExpress; 15:00; 10.0
LuxExpress; 16:00; 10.0
LuxExpress; 16:15; 10.8
LuxExpress; 17:00; 10.0
LuxExpress; 17:30; 10.0
LuxExpress; 18:00; 10.0
LuxExpress; 18:30; 10.0
LuxExpress; 19:00; 10.0
LuxExpress; 20:00; 8.0
LuxExpress; 21:00; 10.0
--------------------------------
Otsin busse marsruudil Tallinn -> Tartu kp 15.detsember
Leidsin järgnevad bussid: 
SimpleExpress; 09:30; 7.5
SimpleExpress; 10:30; 5.0
SimpleExpress; 15:30; 5.0
SimpleExpress; 18:30; 5.0
SimpleExpress; 18:45; 7.5
SimpleExpress; 23:00; 9.0
LuxExpress; 06:30; 8.0
LuxExpress; 07:00; 8.0
LuxExpress; 07:30; 8.0
LuxExpress; 08:00; 10.0
LuxExpress; 09:00; 8.0
LuxExpress; 10:00; 8.0
LuxExpress; 11:00; 10.0
LuxExpress; 12:00; 8.0
LuxExpress; 12:30; 8.0
LuxExpress; 13:00; 10.0
LuxExpress; 14:00; 10.0
LuxExpress; 15:00; 10.0
LuxExpress; 16:00; 10.0
LuxExpress; 16:15; 10.8
LuxExpress; 17:00; 10.0
LuxExpress; 17:30; 10.0
LuxExpress; 18:00; 10.0
LuxExpress; 18:30; 10.0
LuxExpress; 19:00; 10.0
LuxExpress; 20:00; 8.0
LuxExpress; 21:00; 10.0
--------------------------------
Programm käivitub. Tänane kuupäev: 06-12-2016 12:52:32
Otsin busse marsruudil Tallinn -> Tartu kp 12.detsember
Leidsin järgnevad bussid: 
SimpleExpress; 09:30; 7.5
SimpleExpress; 10:30; 5.0
SimpleExpress; 15:30; 5.0
SimpleExpress; 18:30; 5.0
SimpleExpress; 18:45; 7.5
SimpleExpress; 23:00; 9.0
LuxExpress; 06:30; 10.0
LuxExpress; 07:00; 10.0
LuxExpress; 07:30; 8.0
LuxExpress; 08:00; 10.0
LuxExpress; 09:00; 8.0
LuxExpress; 10:00; 8.0
LuxExpress; 11:00; 8.0
LuxExpress; 12:00; 8.0
LuxExpress; 12:30; 8.0
LuxExpress; 13:00; 8.0
LuxExpress; 14:00; 8.0
LuxExpress; 15:00; 8.0
LuxExpress; 16:00; 8.0
LuxExpress; 16:15; 10.8
LuxExpress; 17:00; 8.0
LuxExpress; 17:30; 8.0
LuxExpress; 18:00; 8.0
LuxExpress; 18:30; 8.0
LuxExpress; 19:00; 8.0
LuxExpress; 20:00; 8.0
LuxExpress; 21:00; 8.0
--------------------------------
Otsin busse marsruudil Tallinn -> Tartu kp 12.detsember
Leidsin järgnevad bussid: 
SimpleExpress; 09:30; 7.5
SimpleExpress; 10:30; 5.0
SimpleExpress; 15:30; 5.0
SimpleExpress; 18:30; 5.0
SimpleExpress; 18:45; 7.5
SimpleExpress; 23:00; 9.0
LuxExpress; 06:30; 10.0
LuxExpress; 07:00; 10.0
LuxExpress; 07:30; 8.0
LuxExpress; 08:00; 10.0
LuxExpress; 09:00; 8.0
LuxExpress; 10:00; 8.0
LuxExpress; 11:00; 8.0
LuxExpress; 12:00; 8.0
LuxExpress; 12:30; 8.0
LuxExpress; 13:00; 8.0
LuxExpress; 14:00; 8.0
LuxExpress; 15:00; 8.0
LuxExpress; 16:00; 8.0
LuxExpress; 16:15; 10.8
LuxExpress; 17:00; 8.0
LuxExpress; 17:30; 8.0
LuxExpress; 18:00; 8.0
LuxExpress; 18:30; 8.0
LuxExpress; 19:00; 8.0
LuxExpress; 20:00; 8.0
LuxExpress; 21:00; 8.0
--------------------------------
Programm käivitub. Tänane kuupäev: 06-12-2016 12:53:09
Otsin busse marsruudil Narva -> Tallinn kp 19.detsember
Leidsin järgnevad bussid: 
SimpleExpress; 06:05; 5.5
SimpleExpress; 07:30; 6.0
SimpleExpress; 10:30; 5.5
SimpleExpress; 12:15; 5.5
SimpleExpress; 14:15; 5.5
SimpleExpress; 16:15; 6.0
SimpleExpress; 19:30; 5.5
LuxExpress; 02:20; 12.0
LuxExpress; 05:15; 13.0
LuxExpress; 07:00; 13.0
LuxExpress; 09:00; 13.0
LuxExpress; 11:30; 10.0
LuxExpress; 14:25; 12.0
LuxExpress; 15:45; 10.0
LuxExpress; 17:30; 10.0
LuxExpress; 01:10; 12.0
LuxExpress; 10:00; 12.0
--------------------------------
Otsin busse marsruudil Narva -> Tallinn kp 19.detsember
Leidsin järgnevad bussid: 
SimpleExpress; 06:05; 5.5
SimpleExpress; 07:30; 6.0
SimpleExpress; 10:30; 5.5
SimpleExpress; 12:15; 5.5
SimpleExpress; 14:15; 5.5
SimpleExpress; 16:15; 6.0
SimpleExpress; 19:30; 5.5
LuxExpress; 02:20; 12.0
LuxExpress; 05:15; 13.0
LuxExpress; 07:00; 13.0
LuxExpress; 09:00; 13.0
LuxExpress; 11:30; 10.0
LuxExpress; 14:25; 12.0
LuxExpress; 15:45; 10.0
LuxExpress; 17:30; 10.0
LuxExpress; 01:10; 12.0
LuxExpress; 10:00; 12.0
--------------------------------
Programm käivitub. Tänane kuupäev: 06-12-2016 12:58:53
Otsin busse marsruudil Tartu -> Tallinn kp 8.detsember
Leidsin järgnevad bussid: 
SimpleExpress; 11:30; 5.0
SimpleExpress; 13:15; 8.0
SimpleExpress; 14:30; 5.0
SimpleExpress; 15:45; 6.5
SimpleExpress; 17:15; 8.0
SimpleExpress; 18:30; 5.0
LuxExpress; 06:30; 12.0
LuxExpress; 07:00; 12.0
LuxExpress; 07:30; 10.0
LuxExpress; 08:00; 12.0
LuxExpress; 08:15; 10.8
LuxExpress; 09:00; 10.0
LuxExpress; 10:00; 10.0
LuxExpress; 11:00; 8.0
LuxExpress; 12:00; 10.0
LuxExpress; 12:30; 10.0
LuxExpress; 13:00; 10.0
LuxExpress; 15:00; 10.0
LuxExpress; 15:30; 10.0
LuxExpress; 16:00; 10.0
LuxExpress; 16:30; 8.0
LuxExpress; 17:00; 10.0
LuxExpress; 18:00; 12.0
LuxExpress; 19:00; 10.0
LuxExpress; 20:00; 10.0
LuxExpress; 21:00; 10.0
--------------------------------
Otsin busse marsruudil Tartu -> Tallinn kp 2.detsember
Ei leidnud ühtegi bussi!
--------------------------------
!Vigane marsruut!
