Programm käivitub. Tänane kuupäev: 06-12-2016 12:55:05
Otsin busse marsruudil Tallinn -> Tartu kp 12.jaanuar
Leidsin järgnevad bussid: 
SimpleExpress; 09:30; 7.5
SimpleExpress; 10:30; 5.0
SimpleExpress; 15:30; 5.0
SimpleExpress; 18:30; 5.0
SimpleExpress; 18:45; 7.5
SimpleExpress; 23:00; 9.0
LuxExpress; 06:30; 8.0
LuxExpress; 07:00; 8.0
LuxExpress; 07:30; 8.0
LuxExpress; 08:00; 10.0
LuxExpress; 09:00; 8.0
LuxExpress; 10:00; 8.0
LuxExpress; 11:00; 10.0
LuxExpress; 12:00; 8.0
LuxExpress; 12:30; 8.0
LuxExpress; 13:00; 10.0
LuxExpress; 14:00; 10.0
LuxExpress; 15:00; 10.0
LuxExpress; 16:00; 10.0
LuxExpress; 16:15; 10.8
LuxExpress; 17:00; 10.0
LuxExpress; 17:30; 10.0
LuxExpress; 18:00; 10.0
LuxExpress; 18:30; 8.0
LuxExpress; 19:00; 10.0
LuxExpress; 20:00; 8.0
LuxExpress; 21:00; 10.0
--------------------------------
Otsin busse marsruudil Tallinn -> Tartu kp 12.jaanuar
Leidsin järgnevad bussid: 
SimpleExpress; 09:30; 7.5
SimpleExpress; 10:30; 5.0
SimpleExpress; 15:30; 5.0
SimpleExpress; 18:30; 5.0
SimpleExpress; 18:45; 7.5
SimpleExpress; 23:00; 9.0
LuxExpress; 06:30; 8.0
LuxExpress; 07:00; 8.0
LuxExpress; 07:30; 8.0
LuxExpress; 08:00; 10.0
LuxExpress; 09:00; 8.0
LuxExpress; 10:00; 8.0
LuxExpress; 11:00; 10.0
LuxExpress; 12:00; 8.0
LuxExpress; 12:30; 8.0
LuxExpress; 13:00; 10.0
LuxExpress; 14:00; 10.0
LuxExpress; 15:00; 10.0
LuxExpress; 16:00; 10.0
LuxExpress; 16:15; 10.8
LuxExpress; 17:00; 10.0
LuxExpress; 17:30; 10.0
LuxExpress; 18:00; 10.0
LuxExpress; 18:30; 8.0
LuxExpress; 19:00; 10.0
LuxExpress; 20:00; 8.0
LuxExpress; 21:00; 10.0
--------------------------------
Otsin busse marsruudil Tallinn -> Tartu kp 12.jaanuar
Leidsin järgnevad bussid: 
SimpleExpress; 09:30; 7.5
SimpleExpress; 10:30; 5.0
SimpleExpress; 15:30; 5.0
SimpleExpress; 18:30; 5.0
SimpleExpress; 18:45; 7.5
SimpleExpress; 23:00; 9.0
LuxExpress; 06:30; 8.0
LuxExpress; 07:00; 8.0
LuxExpress; 07:30; 8.0
LuxExpress; 08:00; 10.0
LuxExpress; 09:00; 8.0
LuxExpress; 10:00; 8.0
LuxExpress; 11:00; 10.0
LuxExpress; 12:00; 8.0
LuxExpress; 12:30; 8.0
LuxExpress; 13:00; 10.0
LuxExpress; 14:00; 10.0
LuxExpress; 15:00; 10.0
LuxExpress; 16:00; 10.0
LuxExpress; 16:15; 10.8
LuxExpress; 17:00; 10.0
LuxExpress; 17:30; 10.0
LuxExpress; 18:00; 10.0
LuxExpress; 18:30; 8.0
LuxExpress; 19:00; 10.0
LuxExpress; 20:00; 8.0
LuxExpress; 21:00; 10.0
--------------------------------
